<?xml version="1.0" encoding="UTF-8"?>
<testsuite name="CalculadoraTest" tests="4" skipped="0" failures="0" errors="0" timestamp="2021-06-22T00:38:30" hostname="MacBook-Air-de-Giovanna.local" time="0.015">
  <properties/>
  <testcase name="raizQuadradaProximo50()" classname="CalculadoraTest" time="0.01"/>
  <testcase name="raizQuadradaZero()" classname="CalculadoraTest" time="0.001"/>
  <testcase name="raizQuadradaPertoZero()" classname="CalculadoraTest" time="0.001"/>
  <testcase name="raizQuadradaNegativa()" classname="CalculadoraTest" time="0.0"/>
  <system-out><![CDATA[]]></system-out>
  <system-err><![CDATA[]]></system-err>
</testsuite>
