<?xml version="1.0" encoding="UTF-8"?>
<testsuite name="CalculadoraTest" tests="1" skipped="0" failures="0" errors="0" timestamp="2021-03-27T00:08:59" hostname="MacBook-Air-de-Giovanna.local" time="0.018">
  <properties/>
  <testcase name="testeRaizQuadrada()" classname="CalculadoraTest" time="0.018"/>
  <system-out><![CDATA[]]></system-out>
  <system-err><![CDATA[]]></system-err>
</testsuite>
